<?xml version="1.0" encoding="UTF-8"?>
<!-- Generated by org.testng.reporters.JUnitXMLReporter -->
<testsuite ignored="0" hostname="DESKTOP-8IPIPT6" failures="0" tests="4" name="Test" time="33.884" errors="0" timestamp="2024-02-20T22:17:02 AEDT">
  <testcase classname="myappiumtestng.AppiumTestNG3" name="f" time="1.177"/>
  <testcase classname="myappiumtestng.AppiumTestNG" name="multiplyTesting" time="4.175"/>
  <testcase classname="myappiumtestng.AppiumTestNG" name="plusTesting" time="3.284"/>
  <testcase classname="myappiumtestng.AppiumTestNG2" name="f" time="1.626"/>
</testsuite> <!-- Test -->
