<?xml version="1.0" encoding="UTF-8"?>
<testng-results ignored="0" total="4" passed="4" failed="0" skipped="0">
  <reporter-output>
  </reporter-output>
  <suite started-at="2024-02-20T22:16:28 AEDT" name="Suite" finished-at="2024-02-20T22:17:02 AEDT" duration-ms="33884">
    <groups>
    </groups>
    <test started-at="2024-02-20T22:16:28 AEDT" name="Test" finished-at="2024-02-20T22:17:02 AEDT" duration-ms="33884">
      <class name="myappiumtestng.AppiumTestNG">
        <test-method is-config="true" signature="beforeClass()[pri:0, instance:myappiumtestng.AppiumTestNG@18271936]" started-at="2024-02-20T22:16:38 AEDT" name="beforeClass" finished-at="2024-02-20T22:16:46 AEDT" duration-ms="8305" status="PASS">
          <reporter-output>
          </reporter-output>
        </test-method> <!-- beforeClass -->
        <test-method signature="multiplyTesting()[pri:0, instance:myappiumtestng.AppiumTestNG@18271936]" started-at="2024-02-20T22:16:46 AEDT" name="multiplyTesting" finished-at="2024-02-20T22:16:50 AEDT" duration-ms="4175" status="PASS">
          <reporter-output>
          </reporter-output>
        </test-method> <!-- multiplyTesting -->
        <test-method signature="plusTesting()[pri:0, instance:myappiumtestng.AppiumTestNG@18271936]" started-at="2024-02-20T22:16:50 AEDT" name="plusTesting" finished-at="2024-02-20T22:16:53 AEDT" duration-ms="3284" status="PASS">
          <reporter-output>
          </reporter-output>
        </test-method> <!-- plusTesting -->
        <test-method is-config="true" signature="afterClass()[pri:0, instance:myappiumtestng.AppiumTestNG@18271936]" started-at="2024-02-20T22:16:53 AEDT" name="afterClass" finished-at="2024-02-20T22:16:53 AEDT" duration-ms="0" status="PASS">
          <reporter-output>
          </reporter-output>
        </test-method> <!-- afterClass -->
      </class> <!-- myappiumtestng.AppiumTestNG -->
      <class name="myappiumtestng.AppiumTestNG3">
        <test-method is-config="true" signature="beforeClass()[pri:0, instance:myappiumtestng.AppiumTestNG3@35dab4eb]" started-at="2024-02-20T22:16:28 AEDT" name="beforeClass" finished-at="2024-02-20T22:16:36 AEDT" duration-ms="8354" status="PASS">
          <reporter-output>
          </reporter-output>
        </test-method> <!-- beforeClass -->
        <test-method signature="f()[pri:0, instance:myappiumtestng.AppiumTestNG3@35dab4eb]" started-at="2024-02-20T22:16:36 AEDT" name="f" finished-at="2024-02-20T22:16:38 AEDT" duration-ms="1177" status="PASS">
          <reporter-output>
          </reporter-output>
        </test-method> <!-- f -->
        <test-method is-config="true" signature="afterClass()[pri:0, instance:myappiumtestng.AppiumTestNG3@35dab4eb]" started-at="2024-02-20T22:16:38 AEDT" name="afterClass" finished-at="2024-02-20T22:16:38 AEDT" duration-ms="1" status="PASS">
          <reporter-output>
          </reporter-output>
        </test-method> <!-- afterClass -->
      </class> <!-- myappiumtestng.AppiumTestNG3 -->
      <class name="myappiumtestng.AppiumTestNG2">
        <test-method is-config="true" signature="beforeClass()[pri:0, instance:myappiumtestng.AppiumTestNG2@606e4010]" started-at="2024-02-20T22:16:53 AEDT" name="beforeClass" finished-at="2024-02-20T22:17:00 AEDT" duration-ms="6914" status="PASS">
          <reporter-output>
          </reporter-output>
        </test-method> <!-- beforeClass -->
        <test-method signature="f()[pri:0, instance:myappiumtestng.AppiumTestNG2@606e4010]" started-at="2024-02-20T22:17:00 AEDT" name="f" finished-at="2024-02-20T22:17:02 AEDT" duration-ms="1626" status="PASS">
          <reporter-output>
          </reporter-output>
        </test-method> <!-- f -->
        <test-method is-config="true" signature="afterClass()[pri:0, instance:myappiumtestng.AppiumTestNG2@606e4010]" started-at="2024-02-20T22:17:02 AEDT" name="afterClass" finished-at="2024-02-20T22:17:02 AEDT" duration-ms="1" status="PASS">
          <reporter-output>
          </reporter-output>
        </test-method> <!-- afterClass -->
      </class> <!-- myappiumtestng.AppiumTestNG2 -->
    </test> <!-- Test -->
  </suite> <!-- Suite -->
</testng-results>
